<?xml version="1.0" encoding="utf-8"?><testsuites name="pytest tests"><testsuite name="pytest" errors="0" failures="0" skipped="0" tests="21" time="1.770" timestamp="2026-07-08T20:23:01.718599+00:00" hostname="agent-env-8f232bc8-e436-4937-9e15-3671e0f6c370"><testcase classname="backend.tests.test_rider_api_integration.TestAuthLogin" name="test_login_status_and_success_flag" time="0.743" /><testcase classname="backend.tests.test_rider_api_integration.TestAuthLogin" name="test_login_returns_jwt_in_access_token" time="0.000" /><testcase classname="backend.tests.test_rider_api_integration.TestAuthLogin" name="test_login_also_exposes_token_alias" time="0.000" /><testcase classname="backend.tests.test_rider_api_integration.TestApprovalMapping" name="test_me_has_top_level_approval_status_active" time="0.135" /><testcase classname="backend.tests.test_rider_api_integration.TestApprovalMapping" name="test_me_has_top_level_kyc_status" time="0.000" /><testcase classname="backend.tests.test_rider_api_integration.TestApprovalMapping" name="test_top_level_is_preferred_over_nested_worker" time="0.000" /><testcase classname="backend.tests.test_rider_api_integration.TestStats" name="test_stats_has_required_keys" time="0.100" /><testcase classname="backend.tests.test_rider_api_integration.TestStats" name="test_stats_has_no_earnings_fields" time="0.000" /><testcase classname="backend.tests.test_rider_api_integration.TestOffers" name="test_offers_success_and_array" time="0.204" /><testcase classname="backend.tests.test_rider_api_integration.TestOrders" name="test_unfiltered_orders_returns_at_least_one" time="0.093" /><testcase classname="backend.tests.test_rider_api_integration.TestOrders" name="test_status_filter_is_ignored_returns_zero[active]" time="0.091" /><testcase classname="backend.tests.test_rider_api_integration.TestOrders" name="test_status_filter_is_ignored_returns_zero[completed]" time="0.116" /><testcase classname="backend.tests.test_rider_api_integration.TestOrders" name="test_status_filter_is_ignored_returns_zero[cancelled]" time="0.097" /><testcase classname="backend.tests.test_rider_api_integration.TestOrderFieldMapping" name="test_order_code_present" time="0.000" /><testcase classname="backend.tests.test_rider_api_integration.TestOrderFieldMapping" name="test_order_status_fields" time="0.000" /><testcase classname="backend.tests.test_rider_api_integration.TestOrderFieldMapping" name="test_delivery_status_in_transit_or_similar" time="0.000" /><testcase classname="backend.tests.test_rider_api_integration.TestOrderFieldMapping" name="test_total_amount_present" time="0.000" /><testcase classname="backend.tests.test_rider_api_integration.TestOrderFieldMapping" name="test_customer_fields" time="0.000" /><testcase classname="backend.tests.test_rider_api_integration.TestOrderFieldMapping" name="test_delivery_address_present" time="0.000" /><testcase classname="backend.tests.test_rider_api_integration.TestOrderFieldMapping" name="test_delivery_pin_or_code" time="0.000" /><testcase classname="backend.tests.test_rider_api_integration.TestOrderFieldMapping" name="test_snapshot_has_lat_lng" time="0.000" /></testsuite></testsuites>